<?xml version="1.0" encoding="UTF-8"?>
<testng-results ignored="0" total="1" passed="1" failed="0" skipped="0">
  <reporter-output>
  </reporter-output>
  <suite started-at="2023-03-03T15:49:44 IST" name="Suite" finished-at="2023-03-03T15:50:44 IST" duration-ms="59921">
    <groups>
    </groups>
    <test started-at="2023-03-03T15:49:44 IST" name="LawSuitsTest" finished-at="2023-03-03T15:50:44 IST" duration-ms="59921">
      <class name="Fleet_Test.LawSuitsTest">
        <test-method is-config="true" signature="launchApplication()[pri:0, instance:Fleet_Test.LawSuitsTest@66c61024]" started-at="2023-03-03T15:49:44 IST" name="launchApplication" finished-at="2023-03-03T15:50:02 IST" duration-ms="17874" status="PASS">
          <reporter-output>
          </reporter-output>
        </test-method> <!-- launchApplication -->
        <test-method signature="LawSuits()[pri:0, instance:Fleet_Test.LawSuitsTest@66c61024]" started-at="2023-03-03T15:50:02 IST" name="LawSuits" finished-at="2023-03-03T15:50:42 IST" duration-ms="39663" status="PASS">
          <reporter-output>
          </reporter-output>
        </test-method> <!-- LawSuits -->
        <test-method is-config="true" signature="tearDown()[pri:0, instance:Fleet_Test.LawSuitsTest@66c61024]" started-at="2023-03-03T15:50:42 IST" name="tearDown" finished-at="2023-03-03T15:50:44 IST" duration-ms="1899" status="PASS">
          <reporter-output>
          </reporter-output>
        </test-method> <!-- tearDown -->
      </class> <!-- Fleet_Test.LawSuitsTest -->
    </test> <!-- LawSuitsTest -->
  </suite> <!-- Suite -->
</testng-results>
